<?xml version="1.0" encoding="UTF-8"?>
<!-- Generated by org.testng.reporters.JUnitReportReporter -->
<testsuite hostname="user8" failures="0" tests="1" name="testScripts.WebTest" time="7.912" errors="0" timestamp="2024-10-30T10:31:16 IST" skipped="0">
  <testcase classname="testScripts.WebTest" name="f" time="7.912"/>
  <system-out/>
</testsuite> <!-- testScripts.WebTest -->
