<?xml version="1.0" encoding="UTF-8"?>
<!-- Generated by org.testng.reporters.JUnitReportReporter -->
<testsuite hostname="user8" failures="0" tests="1" name="testScripts.LocatorTest" time="8.741" errors="0" timestamp="2024-10-30T11:07:47 IST" skipped="0">
  <testcase classname="testScripts.LocatorTest" name="f" time="8.741"/>
  <system-out/>
</testsuite> <!-- testScripts.LocatorTest -->
